[debug] [2018-09-09T20:33:27.365Z] ----------------------------------------------------------------------
[debug] [2018-09-09T20:33:27.367Z] Command:       C:\Program Files\nodejs\node.exe C:\Users\Gabriel\AppData\Roaming\npm\node_modules\firebase-tools\bin\firebase serve
[debug] [2018-09-09T20:33:27.367Z] CLI Version:   4.2.1
[debug] [2018-09-09T20:33:27.367Z] Platform:      win32
[debug] [2018-09-09T20:33:27.367Z] Node Version:  v8.11.3
[debug] [2018-09-09T20:33:27.368Z] Time:          Sun Sep 09 2018 14:33:27 GMT-0600 (Mountain Daylight Time)
[debug] [2018-09-09T20:33:27.368Z] ----------------------------------------------------------------------
[debug] 
[debug] [2018-09-09T20:33:27.380Z] > command requires scopes: ["email","openid","https://www.googleapis.com/auth/cloudplatformprojects.readonly","https://www.googleapis.com/auth/firebase","https://www.googleapis.com/auth/cloud-platform"]
[debug] [2018-09-09T20:33:27.380Z] > authorizing via signed-in user
[debug] [2018-09-09T20:33:27.382Z] > refreshing access token with scopes: ["email","https://www.googleapis.com/auth/cloud-platform","https://www.googleapis.com/auth/cloudplatformprojects.readonly","https://www.googleapis.com/auth/firebase","openid"]
[debug] [2018-09-09T20:33:27.382Z] >>> HTTP REQUEST POST https://www.googleapis.com/oauth2/v3/token  

[debug] [2018-09-09T20:33:27.616Z] <<< HTTP RESPONSE 200
[debug] [2018-09-09T20:33:27.621Z] >>> HTTP REQUEST GET https://admin.firebase.com/v1/projects/homewardfound-e93a2  
 
[debug] [2018-09-09T20:33:28.109Z] <<< HTTP RESPONSE 200
[debug] [2018-09-09T20:33:28.111Z] >>> HTTP REQUEST GET https://cloudresourcemanager.googleapis.com/v1/projects/homewardfound-e93a2  
 
[debug] [2018-09-09T20:33:28.604Z] <<< HTTP RESPONSE 200
[info] 
[info] === Serving from 'C:\Users\Gabriel\Desktop\Project-1'...
[info] 
[debug] [2018-09-09T20:33:28.621Z] >>> HTTP REQUEST GET https://mobilesdk-pa.googleapis.com/v1/projects/1031249661778/clients/_:getWebAppConfig  
 
[debug] [2018-09-09T20:33:28.917Z] <<< HTTP RESPONSE 200
[info] i  hosting[homewardfound-e93a2]: Serving hosting files from: public
[info] +  hosting[homewardfound-e93a2]: Local server: http://localhost:5000
